Fri Jan  9 14:55:16 2026       
+-----------------------------------------------------------------------------------------+
| NVIDIA-SMI 560.35.05              Driver Version: 560.35.05      CUDA Version: 12.6     |
|-----------------------------------------+------------------------+----------------------+
| GPU  Name                 Persistence-M | Bus-Id          Disp.A | Volatile Uncorr. ECC |
| Fan  Temp   Perf          Pwr:Usage/Cap |           Memory-Usage | GPU-Util  Compute M. |
|                                         |                        |               MIG M. |
|=========================================+========================+======================|
|   0  Tesla V100-PCIE-16GB           On  |   00000000:61:00.0 Off |                    0 |
| N/A   35C    P0             26W /  250W |     253MiB /  16384MiB |      0%      Default |
|                                         |                        |                  N/A |
+-----------------------------------------+------------------------+----------------------+
|   1  Tesla V100-PCIE-16GB           On  |   00000000:DB:00.0 Off |                    0 |
| N/A   36C    P0             24W /  250W |       1MiB /  16384MiB |      0%      Default |
|                                         |                        |                  N/A |
+-----------------------------------------+------------------------+----------------------+
                                                                                         
+-----------------------------------------------------------------------------------------+
| Processes:                                                                              |
|  GPU   GI   CI        PID   Type   Process name                              GPU Memory |
|        ID   ID                                                               Usage      |
|=========================================================================================|
|    0   N/A  N/A   1527321      G   /usr/libexec/Xorg                             108MiB |
|    0   N/A  N/A   1527558      G   /usr/bin/gnome-shell                          143MiB |
+-----------------------------------------------------------------------------------------+
make: Entering directory '/home/r_khubanov/parallel-labs/lab3/cuda'
nvcc -O3 -std=c++17 -lineinfo -gencode arch=compute_70,code=sm_70 -gencode arch=compute_80,code=sm_80 -gencode arch=compute_80,code=compute_80 jacobi_cuda.cu -o jacobi_cuda
make: Leaving directory '/home/r_khubanov/parallel-labs/lab3/cuda'
atomic,1000000,256,1e-8,10000,0.0400823,15,8.69791e-09,5.79861e-09
host,1000000,256,1e-8,10000,0.125249,15,8.69791e-09,5.79861e-09
Done -> /home/r_khubanov/parallel-labs/lab3/scripts/../results/timings.csv
