PWD=/home/r_khubanov/parallel-labs/lab3
HOST=gpuserv
JOBID=114679
=== module list ===
Currently Loaded Modulefiles:
 1) nvidia/cuda  
=== nvcc ===
/usr/local/cuda/bin/nvcc
nvcc: NVIDIA (R) Cuda compiler driver
Copyright (c) 2005-2024 NVIDIA Corporation
Built on Tue_Oct_29_23:50:19_PDT_2024
Cuda compilation tools, release 12.6, V12.6.85
Build cuda_12.6.r12.6/compiler.35059454_0
=== nvidia-smi ===
Fri Jan  9 15:27:29 2026       
+-----------------------------------------------------------------------------------------+
| NVIDIA-SMI 560.35.05              Driver Version: 560.35.05      CUDA Version: 12.6     |
|-----------------------------------------+------------------------+----------------------+
| GPU  Name                 Persistence-M | Bus-Id          Disp.A | Volatile Uncorr. ECC |
| Fan  Temp   Perf          Pwr:Usage/Cap |           Memory-Usage | GPU-Util  Compute M. |
|                                         |                        |               MIG M. |
|=========================================+========================+======================|
|   0  Tesla V100-PCIE-16GB           On  |   00000000:61:00.0 Off |                    0 |
| N/A   34C    P0             26W /  250W |     255MiB /  16384MiB |      0%      Default |
|                                         |                        |                  N/A |
+-----------------------------------------+------------------------+----------------------+
|   1  Tesla V100-PCIE-16GB           On  |   00000000:DB:00.0 Off |                    0 |
| N/A   34C    P0             24W /  250W |       1MiB /  16384MiB |      0%      Default |
|                                         |                        |                  N/A |
+-----------------------------------------+------------------------+----------------------+
                                                                                         
+-----------------------------------------------------------------------------------------+
| Processes:                                                                              |
|  GPU   GI   CI        PID   Type   Process name                              GPU Memory |
|        ID   ID                                                               Usage      |
|=========================================================================================|
|    0   N/A  N/A   1527321      G   /usr/libexec/Xorg                             108MiB |
|    0   N/A  N/A   1527558      G   /usr/bin/gnome-shell                          144MiB |
+-----------------------------------------------------------------------------------------+
make: Entering directory '/home/r_khubanov/parallel-labs/lab3/cuda'
rm -f jacobi_cuda
make: Leaving directory '/home/r_khubanov/parallel-labs/lab3/cuda'
make: Entering directory '/home/r_khubanov/parallel-labs/lab3/cuda'
nvcc -O3 -std=c++17 -lineinfo -gencode arch=compute_70,code=sm_70 -gencode arch=compute_80,code=sm_80 -gencode arch=compute_80,code=compute_80 jacobi_cuda.cu -o jacobi_cuda
make: Leaving directory '/home/r_khubanov/parallel-labs/lab3/cuda'
